Analysis & Synthesis report for k2red
Wed Sep 29 13:21:50 2021
Quartus Prime Version 18.1.0 Build 625 09/12/2018 SJ Lite Edition


---------------------
; Table of Contents ;
---------------------
  1. Legal Notice
  2. Analysis & Synthesis Summary
  3. Analysis & Synthesis Settings
  4. Parallel Compilation
  5. Analysis & Synthesis Source Files Read
  6. Analysis & Synthesis Resource Usage Summary
  7. Analysis & Synthesis Resource Utilization by Entity
  8. General Register Statistics
  9. Parameter Settings for User Entity Instance: Top-level Entity: |k2red
 10. Parameter Settings for User Entity Instance: full_sub:ifullsub1
 11. Parameter Settings for User Entity Instance: fulladder2f:ifulladder2f1
 12. Parameter Settings for User Entity Instance: fulladder2f:ifulladder2f2
 13. Parameter Settings for User Entity Instance: full_sub:ifullsub2
 14. Parameter Settings for User Entity Instance: fulladder2f:ifulladder2f3
 15. Parameter Settings for User Entity Instance: fulladder2f:ifulladder2f4
 16. Parameter Settings for User Entity Instance: fulladder2f:ifulladder2f5
 17. Port Connectivity Checks: "fulladder2f:ifulladder2f5"
 18. Port Connectivity Checks: "fulladder2f:ifulladder2f3|full_adder:generate_N_bit_Adder[11].f"
 19. Port Connectivity Checks: "fulladder2f:ifulladder2f3"
 20. Port Connectivity Checks: "full_sub:ifullsub2|full_adder:FAgen[0].fai"
 21. Port Connectivity Checks: "full_sub:ifullsub2"
 22. Port Connectivity Checks: "fulladder2f:ifulladder2f1|full_adder:generate_N_bit_Adder[15].f"
 23. Port Connectivity Checks: "fulladder2f:ifulladder2f1"
 24. Port Connectivity Checks: "full_sub:ifullsub1|full_adder:FAgen[0].fai"
 25. Port Connectivity Checks: "full_sub:ifullsub1"
 26. Post-Synthesis Netlist Statistics for Top Partition
 27. Elapsed Time Per Partition
 28. Analysis & Synthesis Messages



----------------
; Legal Notice ;
----------------
Copyright (C) 2018  Intel Corporation. All rights reserved.
Your use of Intel Corporation's design tools, logic functions 
and other software and tools, and its AMPP partner logic 
functions, and any output files from any of the foregoing 
(including device programming or simulation files), and any 
associated documentation or information are expressly subject 
to the terms and conditions of the Intel Program License 
Subscription Agreement, the Intel Quartus Prime License Agreement,
the Intel FPGA IP License Agreement, or other applicable license
agreement, including, without limitation, that your use is for
the sole purpose of programming logic devices manufactured by
Intel and sold by Intel or its authorized distributors.  Please
refer to the applicable agreement for further details.



+-------------------------------------------------------------------------------+
; Analysis & Synthesis Summary                                                  ;
+---------------------------------+---------------------------------------------+
; Analysis & Synthesis Status     ; Successful - Wed Sep 29 13:21:50 2021       ;
; Quartus Prime Version           ; 18.1.0 Build 625 09/12/2018 SJ Lite Edition ;
; Revision Name                   ; k2red                                       ;
; Top-level Entity Name           ; k2red                                       ;
; Family                          ; Cyclone V                                   ;
; Logic utilization (in ALMs)     ; N/A                                         ;
; Total registers                 ; 0                                           ;
; Total pins                      ; 36                                          ;
; Total virtual pins              ; 0                                           ;
; Total block memory bits         ; 0                                           ;
; Total DSP Blocks                ; 0                                           ;
; Total HSSI RX PCSs              ; 0                                           ;
; Total HSSI PMA RX Deserializers ; 0                                           ;
; Total HSSI TX PCSs              ; 0                                           ;
; Total HSSI PMA TX Serializers   ; 0                                           ;
; Total PLLs                      ; 0                                           ;
; Total DLLs                      ; 0                                           ;
+---------------------------------+---------------------------------------------+


+---------------------------------------------------------------------------------------------------------------------------+
; Analysis & Synthesis Settings                                                                                             ;
+---------------------------------------------------------------------------------+--------------------+--------------------+
; Option                                                                          ; Setting            ; Default Value      ;
+---------------------------------------------------------------------------------+--------------------+--------------------+
; Device                                                                          ; 5CSXFC6D6F31C6     ;                    ;
; Top-level entity name                                                           ; k2red              ; k2red              ;
; Family name                                                                     ; Cyclone V          ; Cyclone V          ;
; Use smart compilation                                                           ; Off                ; Off                ;
; Enable parallel Assembler and Timing Analyzer during compilation                ; On                 ; On                 ;
; Enable compact report table                                                     ; Off                ; Off                ;
; Restructure Multiplexers                                                        ; Auto               ; Auto               ;
; MLAB Add Timing Constraints For Mixed-Port Feed-Through Mode Setting Don't Care ; Off                ; Off                ;
; Create Debugging Nodes for IP Cores                                             ; Off                ; Off                ;
; Preserve fewer node names                                                       ; On                 ; On                 ;
; Intel FPGA IP Evaluation Mode                                                   ; Enable             ; Enable             ;
; Verilog Version                                                                 ; Verilog_2001       ; Verilog_2001       ;
; VHDL Version                                                                    ; VHDL_1993          ; VHDL_1993          ;
; State Machine Processing                                                        ; Auto               ; Auto               ;
; Safe State Machine                                                              ; Off                ; Off                ;
; Extract Verilog State Machines                                                  ; On                 ; On                 ;
; Extract VHDL State Machines                                                     ; On                 ; On                 ;
; Ignore Verilog initial constructs                                               ; Off                ; Off                ;
; Iteration limit for constant Verilog loops                                      ; 5000               ; 5000               ;
; Iteration limit for non-constant Verilog loops                                  ; 250                ; 250                ;
; Add Pass-Through Logic to Inferred RAMs                                         ; On                 ; On                 ;
; Infer RAMs from Raw Logic                                                       ; On                 ; On                 ;
; Parallel Synthesis                                                              ; On                 ; On                 ;
; DSP Block Balancing                                                             ; Auto               ; Auto               ;
; NOT Gate Push-Back                                                              ; On                 ; On                 ;
; Power-Up Don't Care                                                             ; On                 ; On                 ;
; Remove Redundant Logic Cells                                                    ; Off                ; Off                ;
; Remove Duplicate Registers                                                      ; On                 ; On                 ;
; Ignore CARRY Buffers                                                            ; Off                ; Off                ;
; Ignore CASCADE Buffers                                                          ; Off                ; Off                ;
; Ignore GLOBAL Buffers                                                           ; Off                ; Off                ;
; Ignore ROW GLOBAL Buffers                                                       ; Off                ; Off                ;
; Ignore LCELL Buffers                                                            ; Off                ; Off                ;
; Ignore SOFT Buffers                                                             ; On                 ; On                 ;
; Limit AHDL Integers to 32 Bits                                                  ; Off                ; Off                ;
; Optimization Technique                                                          ; Balanced           ; Balanced           ;
; Carry Chain Length                                                              ; 70                 ; 70                 ;
; Auto Carry Chains                                                               ; On                 ; On                 ;
; Auto Open-Drain Pins                                                            ; On                 ; On                 ;
; Perform WYSIWYG Primitive Resynthesis                                           ; Off                ; Off                ;
; Auto ROM Replacement                                                            ; On                 ; On                 ;
; Auto RAM Replacement                                                            ; On                 ; On                 ;
; Auto DSP Block Replacement                                                      ; On                 ; On                 ;
; Auto Shift Register Replacement                                                 ; Auto               ; Auto               ;
; Allow Shift Register Merging across Hierarchies                                 ; Auto               ; Auto               ;
; Auto Clock Enable Replacement                                                   ; On                 ; On                 ;
; Strict RAM Replacement                                                          ; Off                ; Off                ;
; Allow Synchronous Control Signals                                               ; On                 ; On                 ;
; Force Use of Synchronous Clear Signals                                          ; Off                ; Off                ;
; Auto Resource Sharing                                                           ; Off                ; Off                ;
; Allow Any RAM Size For Recognition                                              ; Off                ; Off                ;
; Allow Any ROM Size For Recognition                                              ; Off                ; Off                ;
; Allow Any Shift Register Size For Recognition                                   ; Off                ; Off                ;
; Use LogicLock Constraints during Resource Balancing                             ; On                 ; On                 ;
; Ignore translate_off and synthesis_off directives                               ; Off                ; Off                ;
; Timing-Driven Synthesis                                                         ; On                 ; On                 ;
; Report Parameter Settings                                                       ; On                 ; On                 ;
; Report Source Assignments                                                       ; On                 ; On                 ;
; Report Connectivity Checks                                                      ; On                 ; On                 ;
; Ignore Maximum Fan-Out Assignments                                              ; Off                ; Off                ;
; Synchronization Register Chain Length                                           ; 3                  ; 3                  ;
; Power Optimization During Synthesis                                             ; Normal compilation ; Normal compilation ;
; HDL message level                                                               ; Level2             ; Level2             ;
; Suppress Register Optimization Related Messages                                 ; Off                ; Off                ;
; Number of Removed Registers Reported in Synthesis Report                        ; 5000               ; 5000               ;
; Number of Swept Nodes Reported in Synthesis Report                              ; 5000               ; 5000               ;
; Number of Inverted Registers Reported in Synthesis Report                       ; 100                ; 100                ;
; Clock MUX Protection                                                            ; On                 ; On                 ;
; Auto Gated Clock Conversion                                                     ; Off                ; Off                ;
; Block Design Naming                                                             ; Auto               ; Auto               ;
; SDC constraint protection                                                       ; Off                ; Off                ;
; Synthesis Effort                                                                ; Auto               ; Auto               ;
; Shift Register Replacement - Allow Asynchronous Clear Signal                    ; On                 ; On                 ;
; Pre-Mapping Resynthesis Optimization                                            ; Off                ; Off                ;
; Analysis & Synthesis Message Level                                              ; Medium             ; Medium             ;
; Disable Register Merging Across Hierarchies                                     ; Auto               ; Auto               ;
; Resource Aware Inference For Block RAM                                          ; On                 ; On                 ;
; Automatic Parallel Synthesis                                                    ; On                 ; On                 ;
; Partial Reconfiguration Bitstream ID                                            ; Off                ; Off                ;
+---------------------------------------------------------------------------------+--------------------+--------------------+


+------------------------------------------+
; Parallel Compilation                     ;
+----------------------------+-------------+
; Processors                 ; Number      ;
+----------------------------+-------------+
; Number detected on machine ; 4           ;
; Maximum allowed            ; 4           ;
;                            ;             ;
; Average used               ; 1.00        ;
; Maximum used               ; 1           ;
;                            ;             ;
; Usage by Processor         ; % Time Used ;
;     Processor 1            ; 100.0%      ;
+----------------------------+-------------+


+--------------------------------------------------------------------------------------------------------------------------------------------------------------------+
; Analysis & Synthesis Source Files Read                                                                                                                             ;
+------------------------------------------+-----------------+------------------------+--------------------------------------------------------------------+---------+
; File Name with User-Entered Path         ; Used in Netlist ; File Type              ; File Name with Absolute Path                                       ; Library ;
+------------------------------------------+-----------------+------------------------+--------------------------------------------------------------------+---------+
; ../quartus-butterfly/alpha/k2red.v       ; yes             ; User Verilog HDL File  ; K:/kyber90sfpga/kyber90sfpga/quartus-butterfly/alpha/k2red.v       ;         ;
; ../quartus-butterfly/alpha/half_adder.v  ; yes             ; User Verilog HDL File  ; K:/kyber90sfpga/kyber90sfpga/quartus-butterfly/alpha/half_adder.v  ;         ;
; ../quartus-butterfly/alpha/fulladder2f.v ; yes             ; User Verilog HDL File  ; K:/kyber90sfpga/kyber90sfpga/quartus-butterfly/alpha/fulladder2f.v ;         ;
; ../quartus-butterfly/alpha/full_sub.v    ; yes             ; User Verilog HDL File  ; K:/kyber90sfpga/kyber90sfpga/quartus-butterfly/alpha/full_sub.v    ;         ;
; ../quartus-butterfly/alpha/full_adder.v  ; yes             ; User Verilog HDL File  ; K:/kyber90sfpga/kyber90sfpga/quartus-butterfly/alpha/full_adder.v  ;         ;
+------------------------------------------+-----------------+------------------------+--------------------------------------------------------------------+---------+


+----------------------------------------------------------+
; Analysis & Synthesis Resource Usage Summary              ;
+---------------------------------------------+------------+
; Resource                                    ; Usage      ;
+---------------------------------------------+------------+
; Estimate of Logic utilization (ALMs needed) ; 89         ;
;                                             ;            ;
; Combinational ALUT usage for logic          ; 128        ;
;     -- 7 input functions                    ; 0          ;
;     -- 6 input functions                    ; 50         ;
;     -- 5 input functions                    ; 39         ;
;     -- 4 input functions                    ; 17         ;
;     -- <=3 input functions                  ; 22         ;
;                                             ;            ;
; Dedicated logic registers                   ; 0          ;
;                                             ;            ;
; I/O pins                                    ; 36         ;
;                                             ;            ;
; Total DSP Blocks                            ; 0          ;
;                                             ;            ;
; Maximum fan-out node                        ; c[1]~input ;
; Maximum fan-out                             ; 21         ;
; Total fan-out                               ; 669        ;
; Average fan-out                             ; 3.35       ;
+---------------------------------------------+------------+


+--------------------------------------------------------------------------------------------------------------------------------------------------------------------------------------------------------------------------------------------------------------+
; Analysis & Synthesis Resource Utilization by Entity                                                                                                                                                                                                          ;
+-----------------------------------------------+---------------------+---------------------------+-------------------+------------+------+--------------+------------------------------------------------------------------------+-------------+--------------+
; Compilation Hierarchy Node                    ; Combinational ALUTs ; Dedicated Logic Registers ; Block Memory Bits ; DSP Blocks ; Pins ; Virtual Pins ; Full Hierarchy Name                                                    ; Entity Name ; Library Name ;
+-----------------------------------------------+---------------------+---------------------------+-------------------+------------+------+--------------+------------------------------------------------------------------------+-------------+--------------+
; |k2red                                        ; 128 (14)            ; 0 (0)                     ; 0                 ; 0          ; 36   ; 0            ; |k2red                                                                 ; k2red       ; work         ;
;    |full_sub:ifullsub1|                       ; 16 (0)              ; 0 (0)                     ; 0                 ; 0          ; 0    ; 0            ; |k2red|full_sub:ifullsub1                                              ; full_sub    ; work         ;
;       |full_adder:FAgen[10].fai|              ; 2 (2)               ; 0 (0)                     ; 0                 ; 0          ; 0    ; 0            ; |k2red|full_sub:ifullsub1|full_adder:FAgen[10].fai                     ; full_adder  ; work         ;
;       |full_adder:FAgen[11].fai|              ; 1 (1)               ; 0 (0)                     ; 0                 ; 0          ; 0    ; 0            ; |k2red|full_sub:ifullsub1|full_adder:FAgen[11].fai                     ; full_adder  ; work         ;
;       |full_adder:FAgen[12].fai|              ; 1 (1)               ; 0 (0)                     ; 0                 ; 0          ; 0    ; 0            ; |k2red|full_sub:ifullsub1|full_adder:FAgen[12].fai                     ; full_adder  ; work         ;
;       |full_adder:FAgen[13].fai|              ; 1 (1)               ; 0 (0)                     ; 0                 ; 0          ; 0    ; 0            ; |k2red|full_sub:ifullsub1|full_adder:FAgen[13].fai                     ; full_adder  ; work         ;
;       |full_adder:FAgen[14].fai|              ; 1 (1)               ; 0 (0)                     ; 0                 ; 0          ; 0    ; 0            ; |k2red|full_sub:ifullsub1|full_adder:FAgen[14].fai                     ; full_adder  ; work         ;
;       |full_adder:FAgen[3].fai|               ; 2 (2)               ; 0 (0)                     ; 0                 ; 0          ; 0    ; 0            ; |k2red|full_sub:ifullsub1|full_adder:FAgen[3].fai                      ; full_adder  ; work         ;
;       |full_adder:FAgen[4].fai|               ; 1 (1)               ; 0 (0)                     ; 0                 ; 0          ; 0    ; 0            ; |k2red|full_sub:ifullsub1|full_adder:FAgen[4].fai                      ; full_adder  ; work         ;
;       |full_adder:FAgen[5].fai|               ; 1 (1)               ; 0 (0)                     ; 0                 ; 0          ; 0    ; 0            ; |k2red|full_sub:ifullsub1|full_adder:FAgen[5].fai                      ; full_adder  ; work         ;
;       |full_adder:FAgen[6].fai|               ; 4 (4)               ; 0 (0)                     ; 0                 ; 0          ; 0    ; 0            ; |k2red|full_sub:ifullsub1|full_adder:FAgen[6].fai                      ; full_adder  ; work         ;
;       |full_adder:FAgen[8].fai|               ; 1 (1)               ; 0 (0)                     ; 0                 ; 0          ; 0    ; 0            ; |k2red|full_sub:ifullsub1|full_adder:FAgen[8].fai                      ; full_adder  ; work         ;
;       |full_adder:FAgen[9].fai|               ; 1 (1)               ; 0 (0)                     ; 0                 ; 0          ; 0    ; 0            ; |k2red|full_sub:ifullsub1|full_adder:FAgen[9].fai                      ; full_adder  ; work         ;
;    |full_sub:ifullsub2|                       ; 14 (0)              ; 0 (0)                     ; 0                 ; 0          ; 0    ; 0            ; |k2red|full_sub:ifullsub2                                              ; full_sub    ; work         ;
;       |full_adder:FAgen[1].fai|               ; 3 (3)               ; 0 (0)                     ; 0                 ; 0          ; 0    ; 0            ; |k2red|full_sub:ifullsub2|full_adder:FAgen[1].fai                      ; full_adder  ; work         ;
;       |full_adder:FAgen[2].fai|               ; 2 (2)               ; 0 (0)                     ; 0                 ; 0          ; 0    ; 0            ; |k2red|full_sub:ifullsub2|full_adder:FAgen[2].fai                      ; full_adder  ; work         ;
;       |full_adder:FAgen[4].fai|               ; 2 (2)               ; 0 (0)                     ; 0                 ; 0          ; 0    ; 0            ; |k2red|full_sub:ifullsub2|full_adder:FAgen[4].fai                      ; full_adder  ; work         ;
;       |full_adder:FAgen[5].fai|               ; 1 (1)               ; 0 (0)                     ; 0                 ; 0          ; 0    ; 0            ; |k2red|full_sub:ifullsub2|full_adder:FAgen[5].fai                      ; full_adder  ; work         ;
;       |full_adder:FAgen[6].fai|               ; 2 (2)               ; 0 (0)                     ; 0                 ; 0          ; 0    ; 0            ; |k2red|full_sub:ifullsub2|full_adder:FAgen[6].fai                      ; full_adder  ; work         ;
;       |full_adder:FAgen[7].fai|               ; 2 (2)               ; 0 (0)                     ; 0                 ; 0          ; 0    ; 0            ; |k2red|full_sub:ifullsub2|full_adder:FAgen[7].fai                      ; full_adder  ; work         ;
;       |full_adder:FAgen[8].fai|               ; 2 (2)               ; 0 (0)                     ; 0                 ; 0          ; 0    ; 0            ; |k2red|full_sub:ifullsub2|full_adder:FAgen[8].fai                      ; full_adder  ; work         ;
;    |fulladder2f:ifulladder2f1|                ; 9 (0)               ; 0 (0)                     ; 0                 ; 0          ; 0    ; 0            ; |k2red|fulladder2f:ifulladder2f1                                       ; fulladder2f ; work         ;
;       |full_adder:generate_N_bit_Adder[3].f|  ; 1 (1)               ; 0 (0)                     ; 0                 ; 0          ; 0    ; 0            ; |k2red|fulladder2f:ifulladder2f1|full_adder:generate_N_bit_Adder[3].f  ; full_adder  ; work         ;
;       |full_adder:generate_N_bit_Adder[4].f|  ; 2 (2)               ; 0 (0)                     ; 0                 ; 0          ; 0    ; 0            ; |k2red|fulladder2f:ifulladder2f1|full_adder:generate_N_bit_Adder[4].f  ; full_adder  ; work         ;
;       |full_adder:generate_N_bit_Adder[5].f|  ; 2 (2)               ; 0 (0)                     ; 0                 ; 0          ; 0    ; 0            ; |k2red|fulladder2f:ifulladder2f1|full_adder:generate_N_bit_Adder[5].f  ; full_adder  ; work         ;
;       |full_adder:generate_N_bit_Adder[6].f|  ; 1 (1)               ; 0 (0)                     ; 0                 ; 0          ; 0    ; 0            ; |k2red|fulladder2f:ifulladder2f1|full_adder:generate_N_bit_Adder[6].f  ; full_adder  ; work         ;
;       |full_adder:generate_N_bit_Adder[7].f|  ; 2 (2)               ; 0 (0)                     ; 0                 ; 0          ; 0    ; 0            ; |k2red|fulladder2f:ifulladder2f1|full_adder:generate_N_bit_Adder[7].f  ; full_adder  ; work         ;
;       |full_adder:generate_N_bit_Adder[8].f|  ; 1 (1)               ; 0 (0)                     ; 0                 ; 0          ; 0    ; 0            ; |k2red|fulladder2f:ifulladder2f1|full_adder:generate_N_bit_Adder[8].f  ; full_adder  ; work         ;
;    |fulladder2f:ifulladder2f2|                ; 20 (0)              ; 0 (0)                     ; 0                 ; 0          ; 0    ; 0            ; |k2red|fulladder2f:ifulladder2f2                                       ; fulladder2f ; work         ;
;       |full_adder:generate_N_bit_Adder[10].f| ; 1 (1)               ; 0 (0)                     ; 0                 ; 0          ; 0    ; 0            ; |k2red|fulladder2f:ifulladder2f2|full_adder:generate_N_bit_Adder[10].f ; full_adder  ; work         ;
;       |full_adder:generate_N_bit_Adder[11].f| ; 1 (1)               ; 0 (0)                     ; 0                 ; 0          ; 0    ; 0            ; |k2red|fulladder2f:ifulladder2f2|full_adder:generate_N_bit_Adder[11].f ; full_adder  ; work         ;
;       |full_adder:generate_N_bit_Adder[13].f| ; 1 (1)               ; 0 (0)                     ; 0                 ; 0          ; 0    ; 0            ; |k2red|fulladder2f:ifulladder2f2|full_adder:generate_N_bit_Adder[13].f ; full_adder  ; work         ;
;       |full_adder:generate_N_bit_Adder[14].f| ; 1 (1)               ; 0 (0)                     ; 0                 ; 0          ; 0    ; 0            ; |k2red|fulladder2f:ifulladder2f2|full_adder:generate_N_bit_Adder[14].f ; full_adder  ; work         ;
;       |full_adder:generate_N_bit_Adder[15].f| ; 2 (2)               ; 0 (0)                     ; 0                 ; 0          ; 0    ; 0            ; |k2red|fulladder2f:ifulladder2f2|full_adder:generate_N_bit_Adder[15].f ; full_adder  ; work         ;
;       |full_adder:generate_N_bit_Adder[1].f|  ; 1 (1)               ; 0 (0)                     ; 0                 ; 0          ; 0    ; 0            ; |k2red|fulladder2f:ifulladder2f2|full_adder:generate_N_bit_Adder[1].f  ; full_adder  ; work         ;
;       |full_adder:generate_N_bit_Adder[2].f|  ; 2 (2)               ; 0 (0)                     ; 0                 ; 0          ; 0    ; 0            ; |k2red|fulladder2f:ifulladder2f2|full_adder:generate_N_bit_Adder[2].f  ; full_adder  ; work         ;
;       |full_adder:generate_N_bit_Adder[3].f|  ; 1 (1)               ; 0 (0)                     ; 0                 ; 0          ; 0    ; 0            ; |k2red|fulladder2f:ifulladder2f2|full_adder:generate_N_bit_Adder[3].f  ; full_adder  ; work         ;
;       |full_adder:generate_N_bit_Adder[4].f|  ; 2 (2)               ; 0 (0)                     ; 0                 ; 0          ; 0    ; 0            ; |k2red|fulladder2f:ifulladder2f2|full_adder:generate_N_bit_Adder[4].f  ; full_adder  ; work         ;
;       |full_adder:generate_N_bit_Adder[5].f|  ; 1 (1)               ; 0 (0)                     ; 0                 ; 0          ; 0    ; 0            ; |k2red|fulladder2f:ifulladder2f2|full_adder:generate_N_bit_Adder[5].f  ; full_adder  ; work         ;
;       |full_adder:generate_N_bit_Adder[6].f|  ; 2 (2)               ; 0 (0)                     ; 0                 ; 0          ; 0    ; 0            ; |k2red|fulladder2f:ifulladder2f2|full_adder:generate_N_bit_Adder[6].f  ; full_adder  ; work         ;
;       |full_adder:generate_N_bit_Adder[7].f|  ; 2 (2)               ; 0 (0)                     ; 0                 ; 0          ; 0    ; 0            ; |k2red|fulladder2f:ifulladder2f2|full_adder:generate_N_bit_Adder[7].f  ; full_adder  ; work         ;
;       |full_adder:generate_N_bit_Adder[8].f|  ; 2 (2)               ; 0 (0)                     ; 0                 ; 0          ; 0    ; 0            ; |k2red|fulladder2f:ifulladder2f2|full_adder:generate_N_bit_Adder[8].f  ; full_adder  ; work         ;
;       |half_adder:generate_N_bit_Adder[0].f|  ; 1 (1)               ; 0 (0)                     ; 0                 ; 0          ; 0    ; 0            ; |k2red|fulladder2f:ifulladder2f2|half_adder:generate_N_bit_Adder[0].f  ; half_adder  ; work         ;
;    |fulladder2f:ifulladder2f3|                ; 28 (0)              ; 0 (0)                     ; 0                 ; 0          ; 0    ; 0            ; |k2red|fulladder2f:ifulladder2f3                                       ; fulladder2f ; work         ;
;       |full_adder:generate_N_bit_Adder[2].f|  ; 1 (1)               ; 0 (0)                     ; 0                 ; 0          ; 0    ; 0            ; |k2red|fulladder2f:ifulladder2f3|full_adder:generate_N_bit_Adder[2].f  ; full_adder  ; work         ;
;       |full_adder:generate_N_bit_Adder[3].f|  ; 4 (4)               ; 0 (0)                     ; 0                 ; 0          ; 0    ; 0            ; |k2red|fulladder2f:ifulladder2f3|full_adder:generate_N_bit_Adder[3].f  ; full_adder  ; work         ;
;       |full_adder:generate_N_bit_Adder[4].f|  ; 4 (4)               ; 0 (0)                     ; 0                 ; 0          ; 0    ; 0            ; |k2red|fulladder2f:ifulladder2f3|full_adder:generate_N_bit_Adder[4].f  ; full_adder  ; work         ;
;       |full_adder:generate_N_bit_Adder[5].f|  ; 6 (6)               ; 0 (0)                     ; 0                 ; 0          ; 0    ; 0            ; |k2red|fulladder2f:ifulladder2f3|full_adder:generate_N_bit_Adder[5].f  ; full_adder  ; work         ;
;       |full_adder:generate_N_bit_Adder[6].f|  ; 6 (6)               ; 0 (0)                     ; 0                 ; 0          ; 0    ; 0            ; |k2red|fulladder2f:ifulladder2f3|full_adder:generate_N_bit_Adder[6].f  ; full_adder  ; work         ;
;       |full_adder:generate_N_bit_Adder[7].f|  ; 5 (5)               ; 0 (0)                     ; 0                 ; 0          ; 0    ; 0            ; |k2red|fulladder2f:ifulladder2f3|full_adder:generate_N_bit_Adder[7].f  ; full_adder  ; work         ;
;       |full_adder:generate_N_bit_Adder[8].f|  ; 1 (1)               ; 0 (0)                     ; 0                 ; 0          ; 0    ; 0            ; |k2red|fulladder2f:ifulladder2f3|full_adder:generate_N_bit_Adder[8].f  ; full_adder  ; work         ;
;       |full_adder:generate_N_bit_Adder[9].f|  ; 1 (1)               ; 0 (0)                     ; 0                 ; 0          ; 0    ; 0            ; |k2red|fulladder2f:ifulladder2f3|full_adder:generate_N_bit_Adder[9].f  ; full_adder  ; work         ;
;    |fulladder2f:ifulladder2f4|                ; 20 (0)              ; 0 (0)                     ; 0                 ; 0          ; 0    ; 0            ; |k2red|fulladder2f:ifulladder2f4                                       ; fulladder2f ; work         ;
;       |full_adder:generate_N_bit_Adder[10].f| ; 1 (1)               ; 0 (0)                     ; 0                 ; 0          ; 0    ; 0            ; |k2red|fulladder2f:ifulladder2f4|full_adder:generate_N_bit_Adder[10].f ; full_adder  ; work         ;
;       |full_adder:generate_N_bit_Adder[11].f| ; 1 (1)               ; 0 (0)                     ; 0                 ; 0          ; 0    ; 0            ; |k2red|fulladder2f:ifulladder2f4|full_adder:generate_N_bit_Adder[11].f ; full_adder  ; work         ;
;       |full_adder:generate_N_bit_Adder[1].f|  ; 1 (1)               ; 0 (0)                     ; 0                 ; 0          ; 0    ; 0            ; |k2red|fulladder2f:ifulladder2f4|full_adder:generate_N_bit_Adder[1].f  ; full_adder  ; work         ;
;       |full_adder:generate_N_bit_Adder[2].f|  ; 2 (2)               ; 0 (0)                     ; 0                 ; 0          ; 0    ; 0            ; |k2red|fulladder2f:ifulladder2f4|full_adder:generate_N_bit_Adder[2].f  ; full_adder  ; work         ;
;       |full_adder:generate_N_bit_Adder[3].f|  ; 2 (2)               ; 0 (0)                     ; 0                 ; 0          ; 0    ; 0            ; |k2red|fulladder2f:ifulladder2f4|full_adder:generate_N_bit_Adder[3].f  ; full_adder  ; work         ;
;       |full_adder:generate_N_bit_Adder[4].f|  ; 4 (4)               ; 0 (0)                     ; 0                 ; 0          ; 0    ; 0            ; |k2red|fulladder2f:ifulladder2f4|full_adder:generate_N_bit_Adder[4].f  ; full_adder  ; work         ;
;       |full_adder:generate_N_bit_Adder[5].f|  ; 1 (1)               ; 0 (0)                     ; 0                 ; 0          ; 0    ; 0            ; |k2red|fulladder2f:ifulladder2f4|full_adder:generate_N_bit_Adder[5].f  ; full_adder  ; work         ;
;       |full_adder:generate_N_bit_Adder[6].f|  ; 2 (2)               ; 0 (0)                     ; 0                 ; 0          ; 0    ; 0            ; |k2red|fulladder2f:ifulladder2f4|full_adder:generate_N_bit_Adder[6].f  ; full_adder  ; work         ;
;       |full_adder:generate_N_bit_Adder[7].f|  ; 2 (2)               ; 0 (0)                     ; 0                 ; 0          ; 0    ; 0            ; |k2red|fulladder2f:ifulladder2f4|full_adder:generate_N_bit_Adder[7].f  ; full_adder  ; work         ;
;       |full_adder:generate_N_bit_Adder[8].f|  ; 2 (2)               ; 0 (0)                     ; 0                 ; 0          ; 0    ; 0            ; |k2red|fulladder2f:ifulladder2f4|full_adder:generate_N_bit_Adder[8].f  ; full_adder  ; work         ;
;       |full_adder:generate_N_bit_Adder[9].f|  ; 2 (2)               ; 0 (0)                     ; 0                 ; 0          ; 0    ; 0            ; |k2red|fulladder2f:ifulladder2f4|full_adder:generate_N_bit_Adder[9].f  ; full_adder  ; work         ;
;    |fulladder2f:ifulladder2f5|                ; 7 (0)               ; 0 (0)                     ; 0                 ; 0          ; 0    ; 0            ; |k2red|fulladder2f:ifulladder2f5                                       ; fulladder2f ; work         ;
;       |full_adder:generate_N_bit_Adder[1].f|  ; 3 (3)               ; 0 (0)                     ; 0                 ; 0          ; 0    ; 0            ; |k2red|fulladder2f:ifulladder2f5|full_adder:generate_N_bit_Adder[1].f  ; full_adder  ; work         ;
;       |full_adder:generate_N_bit_Adder[2].f|  ; 1 (1)               ; 0 (0)                     ; 0                 ; 0          ; 0    ; 0            ; |k2red|fulladder2f:ifulladder2f5|full_adder:generate_N_bit_Adder[2].f  ; full_adder  ; work         ;
;       |full_adder:generate_N_bit_Adder[3].f|  ; 1 (1)               ; 0 (0)                     ; 0                 ; 0          ; 0    ; 0            ; |k2red|fulladder2f:ifulladder2f5|full_adder:generate_N_bit_Adder[3].f  ; full_adder  ; work         ;
;       |full_adder:generate_N_bit_Adder[5].f|  ; 1 (1)               ; 0 (0)                     ; 0                 ; 0          ; 0    ; 0            ; |k2red|fulladder2f:ifulladder2f5|full_adder:generate_N_bit_Adder[5].f  ; full_adder  ; work         ;
;       |full_adder:generate_N_bit_Adder[7].f|  ; 1 (1)               ; 0 (0)                     ; 0                 ; 0          ; 0    ; 0            ; |k2red|fulladder2f:ifulladder2f5|full_adder:generate_N_bit_Adder[7].f  ; full_adder  ; work         ;
+-----------------------------------------------+---------------------+---------------------------+-------------------+------------+------+--------------+------------------------------------------------------------------------+-------------+--------------+
Note: For table entries with two numbers listed, the numbers in parentheses indicate the number of resources of the given type used by the specific entity alone. The numbers listed outside of parentheses indicate the total resources of the given type used by the specific entity and all of its sub-entities in the hierarchy.


+------------------------------------------------------+
; General Register Statistics                          ;
+----------------------------------------------+-------+
; Statistic                                    ; Value ;
+----------------------------------------------+-------+
; Total registers                              ; 0     ;
; Number of registers using Synchronous Clear  ; 0     ;
; Number of registers using Synchronous Load   ; 0     ;
; Number of registers using Asynchronous Clear ; 0     ;
; Number of registers using Asynchronous Load  ; 0     ;
; Number of registers using Clock Enable       ; 0     ;
; Number of registers using Preset             ; 0     ;
+----------------------------------------------+-------+


+-----------------------------------------------------------------------+
; Parameter Settings for User Entity Instance: Top-level Entity: |k2red ;
+----------------+-------+----------------------------------------------+
; Parameter Name ; Value ; Type                                         ;
+----------------+-------+----------------------------------------------+
; WID            ; 24    ; Signed Integer                               ;
; WID2           ; 12    ; Signed Integer                               ;
+----------------+-------+----------------------------------------------+
Note: In order to hide this table in the UI and the text report file, please set the "Show Parameter Settings in Synthesis Report" option in "Analysis and Synthesis Settings -> More Settings" to "Off".


+-----------------------------------------------------------------+
; Parameter Settings for User Entity Instance: full_sub:ifullsub1 ;
+----------------+-------+----------------------------------------+
; Parameter Name ; Value ; Type                                   ;
+----------------+-------+----------------------------------------+
; WIDTH          ; 16    ; Signed Integer                         ;
+----------------+-------+----------------------------------------+
Note: In order to hide this table in the UI and the text report file, please set the "Show Parameter Settings in Synthesis Report" option in "Analysis and Synthesis Settings -> More Settings" to "Off".


+------------------------------------------------------------------------+
; Parameter Settings for User Entity Instance: fulladder2f:ifulladder2f1 ;
+----------------+-------+-----------------------------------------------+
; Parameter Name ; Value ; Type                                          ;
+----------------+-------+-----------------------------------------------+
; N              ; 16    ; Signed Integer                                ;
+----------------+-------+-----------------------------------------------+
Note: In order to hide this table in the UI and the text report file, please set the "Show Parameter Settings in Synthesis Report" option in "Analysis and Synthesis Settings -> More Settings" to "Off".


+------------------------------------------------------------------------+
; Parameter Settings for User Entity Instance: fulladder2f:ifulladder2f2 ;
+----------------+-------+-----------------------------------------------+
; Parameter Name ; Value ; Type                                          ;
+----------------+-------+-----------------------------------------------+
; N              ; 16    ; Signed Integer                                ;
+----------------+-------+-----------------------------------------------+
Note: In order to hide this table in the UI and the text report file, please set the "Show Parameter Settings in Synthesis Report" option in "Analysis and Synthesis Settings -> More Settings" to "Off".


+-----------------------------------------------------------------+
; Parameter Settings for User Entity Instance: full_sub:ifullsub2 ;
+----------------+-------+----------------------------------------+
; Parameter Name ; Value ; Type                                   ;
+----------------+-------+----------------------------------------+
; WIDTH          ; 12    ; Signed Integer                         ;
+----------------+-------+----------------------------------------+
Note: In order to hide this table in the UI and the text report file, please set the "Show Parameter Settings in Synthesis Report" option in "Analysis and Synthesis Settings -> More Settings" to "Off".


+------------------------------------------------------------------------+
; Parameter Settings for User Entity Instance: fulladder2f:ifulladder2f3 ;
+----------------+-------+-----------------------------------------------+
; Parameter Name ; Value ; Type                                          ;
+----------------+-------+-----------------------------------------------+
; N              ; 12    ; Signed Integer                                ;
+----------------+-------+-----------------------------------------------+
Note: In order to hide this table in the UI and the text report file, please set the "Show Parameter Settings in Synthesis Report" option in "Analysis and Synthesis Settings -> More Settings" to "Off".


+------------------------------------------------------------------------+
; Parameter Settings for User Entity Instance: fulladder2f:ifulladder2f4 ;
+----------------+-------+-----------------------------------------------+
; Parameter Name ; Value ; Type                                          ;
+----------------+-------+-----------------------------------------------+
; N              ; 12    ; Signed Integer                                ;
+----------------+-------+-----------------------------------------------+
Note: In order to hide this table in the UI and the text report file, please set the "Show Parameter Settings in Synthesis Report" option in "Analysis and Synthesis Settings -> More Settings" to "Off".


+------------------------------------------------------------------------+
; Parameter Settings for User Entity Instance: fulladder2f:ifulladder2f5 ;
+----------------+-------+-----------------------------------------------+
; Parameter Name ; Value ; Type                                          ;
+----------------+-------+-----------------------------------------------+
; N              ; 12    ; Signed Integer                                ;
+----------------+-------+-----------------------------------------------+
Note: In order to hide this table in the UI and the text report file, please set the "Show Parameter Settings in Synthesis Report" option in "Analysis and Synthesis Settings -> More Settings" to "Off".


+-------------------------------------------------------+
; Port Connectivity Checks: "fulladder2f:ifulladder2f5" ;
+----------------+-------+----------+-------------------+
; Port           ; Type  ; Severity ; Details           ;
+----------------+-------+----------+-------------------+
; input2[11..10] ; Input ; Info     ; Stuck at VCC      ;
; input2[7..1]   ; Input ; Info     ; Stuck at GND      ;
; input2[9]      ; Input ; Info     ; Stuck at GND      ;
; input2[8]      ; Input ; Info     ; Stuck at VCC      ;
; input2[0]      ; Input ; Info     ; Stuck at VCC      ;
+----------------+-------+----------+-------------------+


+----------------------------------------------------------------------------------------------------------------+
; Port Connectivity Checks: "fulladder2f:ifulladder2f3|full_adder:generate_N_bit_Adder[11].f"                    ;
+------+--------+----------+-------------------------------------------------------------------------------------+
; Port ; Type   ; Severity ; Details                                                                             ;
+------+--------+----------+-------------------------------------------------------------------------------------+
; c_o  ; Output ; Info     ; Connected to dangling logic. Logic that only feeds a dangling port will be removed. ;
+------+--------+----------+-------------------------------------------------------------------------------------+


+-------------------------------------------------------+
; Port Connectivity Checks: "fulladder2f:ifulladder2f3" ;
+----------------+-------+----------+-------------------+
; Port           ; Type  ; Severity ; Details           ;
+----------------+-------+----------+-------------------+
; input1[1..0]   ; Input ; Info     ; Stuck at GND      ;
; input2[11..10] ; Input ; Info     ; Stuck at GND      ;
+----------------+-------+----------+-------------------+


+------------------------------------------------------------------------+
; Port Connectivity Checks: "full_sub:ifullsub2|full_adder:FAgen[0].fai" ;
+------+-------+----------+----------------------------------------------+
; Port ; Type  ; Severity ; Details                                      ;
+------+-------+----------+----------------------------------------------+
; c_i  ; Input ; Info     ; Stuck at VCC                                 ;
+------+-------+----------+----------------------------------------------+


+-------------------------------------------------------------------------------------------------------------------+
; Port Connectivity Checks: "full_sub:ifullsub2"                                                                    ;
+---------+--------+----------+-------------------------------------------------------------------------------------+
; Port    ; Type   ; Severity ; Details                                                                             ;
+---------+--------+----------+-------------------------------------------------------------------------------------+
; a[2..0] ; Input  ; Info     ; Stuck at GND                                                                        ;
; a[11]   ; Input  ; Info     ; Stuck at GND                                                                        ;
; c       ; Output ; Info     ; Connected to dangling logic. Logic that only feeds a dangling port will be removed. ;
+---------+--------+----------+-------------------------------------------------------------------------------------+


+----------------------------------------------------------------------------------------------------------------+
; Port Connectivity Checks: "fulladder2f:ifulladder2f1|full_adder:generate_N_bit_Adder[15].f"                    ;
+------+--------+----------+-------------------------------------------------------------------------------------+
; Port ; Type   ; Severity ; Details                                                                             ;
+------+--------+----------+-------------------------------------------------------------------------------------+
; c_o  ; Output ; Info     ; Connected to dangling logic. Logic that only feeds a dangling port will be removed. ;
+------+--------+----------+-------------------------------------------------------------------------------------+


+-------------------------------------------------------+
; Port Connectivity Checks: "fulladder2f:ifulladder2f1" ;
+----------------+-------+----------+-------------------+
; Port           ; Type  ; Severity ; Details           ;
+----------------+-------+----------+-------------------+
; input1[1..0]   ; Input ; Info     ; Stuck at GND      ;
; input2[15..14] ; Input ; Info     ; Stuck at GND      ;
+----------------+-------+----------+-------------------+


+------------------------------------------------------------------------+
; Port Connectivity Checks: "full_sub:ifullsub1|full_adder:FAgen[0].fai" ;
+------+-------+----------+----------------------------------------------+
; Port ; Type  ; Severity ; Details                                      ;
+------+-------+----------+----------------------------------------------+
; c_i  ; Input ; Info     ; Stuck at VCC                                 ;
+------+-------+----------+----------------------------------------------+


+---------------------------------------------------------------------------------------------------------------------+
; Port Connectivity Checks: "full_sub:ifullsub1"                                                                      ;
+-----------+--------+----------+-------------------------------------------------------------------------------------+
; Port      ; Type   ; Severity ; Details                                                                             ;
+-----------+--------+----------+-------------------------------------------------------------------------------------+
; a[15..11] ; Input  ; Info     ; Stuck at GND                                                                        ;
; a[2..0]   ; Input  ; Info     ; Stuck at GND                                                                        ;
; c         ; Output ; Info     ; Connected to dangling logic. Logic that only feeds a dangling port will be removed. ;
+-----------+--------+----------+-------------------------------------------------------------------------------------+


+-----------------------------------------------------+
; Post-Synthesis Netlist Statistics for Top Partition ;
+-----------------------+-----------------------------+
; Type                  ; Count                       ;
+-----------------------+-----------------------------+
; arriav_lcell_comb     ; 134                         ;
;     normal            ; 134                         ;
;         1 data inputs ; 6                           ;
;         2 data inputs ; 8                           ;
;         3 data inputs ; 14                          ;
;         4 data inputs ; 17                          ;
;         5 data inputs ; 39                          ;
;         6 data inputs ; 50                          ;
; boundary_port         ; 36                          ;
;                       ;                             ;
; Max LUT depth         ; 12.00                       ;
; Average LUT depth     ; 10.91                       ;
+-----------------------+-----------------------------+


+-------------------------------+
; Elapsed Time Per Partition    ;
+----------------+--------------+
; Partition Name ; Elapsed Time ;
+----------------+--------------+
; Top            ; 00:00:02     ;
+----------------+--------------+


+-------------------------------+
; Analysis & Synthesis Messages ;
+-------------------------------+
Info: *******************************************************************
Info: Running Quartus Prime Analysis & Synthesis
    Info: Version 18.1.0 Build 625 09/12/2018 SJ Lite Edition
    Info: Processing started: Wed Sep 29 13:21:36 2021
Info: Command: quartus_map --read_settings_files=on --write_settings_files=off k2red -c k2red
Warning (18236): Number of processors has not been specified which may cause overloading on shared machines.  Set the global assignment NUM_PARALLEL_PROCESSORS in your QSF to an appropriate value for best performance.
Info (20030): Parallel compilation is enabled and will use 4 of the 4 processors detected
Info (12021): Found 1 design units, including 1 entities, in source file /kyber90sfpga/kyber90sfpga/quartus-butterfly/alpha/sim_mult.v
    Info (12023): Found entity 1: sim_mult File: K:/kyber90sfpga/kyber90sfpga/quartus-butterfly/alpha/sim_mult.v Line: 23
Info (12021): Found 1 design units, including 1 entities, in source file /kyber90sfpga/kyber90sfpga/quartus-butterfly/alpha/poly_mod_diff.v
    Info (12023): Found entity 1: poly_mod_diff File: K:/kyber90sfpga/kyber90sfpga/quartus-butterfly/alpha/poly_mod_diff.v Line: 25
Info (12021): Found 1 design units, including 1 entities, in source file /kyber90sfpga/kyber90sfpga/quartus-butterfly/alpha/poly_mod_add.v
    Info (12023): Found entity 1: poly_mod_add File: K:/kyber90sfpga/kyber90sfpga/quartus-butterfly/alpha/poly_mod_add.v Line: 25
Info (12021): Found 1 design units, including 1 entities, in source file /kyber90sfpga/kyber90sfpga/quartus-butterfly/alpha/mux_xx2.v
    Info (12023): Found entity 1: mux_xx2 File: K:/kyber90sfpga/kyber90sfpga/quartus-butterfly/alpha/mux_xx2.v Line: 14
Info (12021): Found 1 design units, including 1 entities, in source file /kyber90sfpga/kyber90sfpga/quartus-butterfly/alpha/mux_xx1.v
    Info (12023): Found entity 1: mux_xx1 File: K:/kyber90sfpga/kyber90sfpga/quartus-butterfly/alpha/mux_xx1.v Line: 14
Info (12021): Found 1 design units, including 1 entities, in source file /kyber90sfpga/kyber90sfpga/quartus-butterfly/alpha/k2red.v
    Info (12023): Found entity 1: k2red File: K:/kyber90sfpga/kyber90sfpga/quartus-butterfly/alpha/k2red.v Line: 1
Info (12021): Found 1 design units, including 1 entities, in source file /kyber90sfpga/kyber90sfpga/quartus-butterfly/alpha/half_adder.v
    Info (12023): Found entity 1: half_adder File: K:/kyber90sfpga/kyber90sfpga/quartus-butterfly/alpha/half_adder.v Line: 4
Info (12021): Found 1 design units, including 1 entities, in source file /kyber90sfpga/kyber90sfpga/quartus-butterfly/alpha/fulladder2f.v
    Info (12023): Found entity 1: fulladder2f File: K:/kyber90sfpga/kyber90sfpga/quartus-butterfly/alpha/fulladder2f.v Line: 3
Info (12021): Found 1 design units, including 1 entities, in source file /kyber90sfpga/kyber90sfpga/quartus-butterfly/alpha/full_sub.v
    Info (12023): Found entity 1: full_sub File: K:/kyber90sfpga/kyber90sfpga/quartus-butterfly/alpha/full_sub.v Line: 14
Info (12021): Found 1 design units, including 1 entities, in source file /kyber90sfpga/kyber90sfpga/quartus-butterfly/alpha/full_adder.v
    Info (12023): Found entity 1: full_adder File: K:/kyber90sfpga/kyber90sfpga/quartus-butterfly/alpha/full_adder.v Line: 14
Info (12021): Found 1 design units, including 1 entities, in source file /kyber90sfpga/kyber90sfpga/quartus-butterfly/alpha/ffxkclkx.v
    Info (12023): Found entity 1: ffxkclkx File: K:/kyber90sfpga/kyber90sfpga/quartus-butterfly/alpha/ffxkclkx.v Line: 14
Info (12021): Found 1 design units, including 1 entities, in source file /kyber90sfpga/kyber90sfpga/quartus-butterfly/alpha/ffxkclk.v
    Info (12023): Found entity 1: ffxkclk File: K:/kyber90sfpga/kyber90sfpga/quartus-butterfly/alpha/ffxkclk.v Line: 14
Info (12021): Found 1 design units, including 1 entities, in source file /kyber90sfpga/kyber90sfpga/quartus-butterfly/alpha/fflopx.v
    Info (12023): Found entity 1: fflopx File: K:/kyber90sfpga/kyber90sfpga/quartus-butterfly/alpha/fflopx.v Line: 14
Info (12127): Elaborating entity "k2red" for the top level hierarchy
Info (12128): Elaborating entity "full_sub" for hierarchy "full_sub:ifullsub1" File: K:/kyber90sfpga/kyber90sfpga/quartus-butterfly/alpha/k2red.v Line: 49
Info (12128): Elaborating entity "full_adder" for hierarchy "full_sub:ifullsub1|full_adder:FAgen[0].fai" File: K:/kyber90sfpga/kyber90sfpga/quartus-butterfly/alpha/full_sub.v Line: 62
Info (12128): Elaborating entity "fulladder2f" for hierarchy "fulladder2f:ifulladder2f1" File: K:/kyber90sfpga/kyber90sfpga/quartus-butterfly/alpha/k2red.v Line: 50
Warning (10036): Verilog HDL or VHDL warning at fulladder2f.v(7): object "carry_out" assigned a value but never read File: K:/kyber90sfpga/kyber90sfpga/quartus-butterfly/alpha/fulladder2f.v Line: 7
Info (12128): Elaborating entity "half_adder" for hierarchy "fulladder2f:ifulladder2f1|half_adder:generate_N_bit_Adder[0].f" File: K:/kyber90sfpga/kyber90sfpga/quartus-butterfly/alpha/fulladder2f.v Line: 14
Info (12128): Elaborating entity "full_sub" for hierarchy "full_sub:ifullsub2" File: K:/kyber90sfpga/kyber90sfpga/quartus-butterfly/alpha/k2red.v Line: 77
Info (12128): Elaborating entity "fulladder2f" for hierarchy "fulladder2f:ifulladder2f3" File: K:/kyber90sfpga/kyber90sfpga/quartus-butterfly/alpha/k2red.v Line: 78
Warning (10036): Verilog HDL or VHDL warning at fulladder2f.v(7): object "carry_out" assigned a value but never read File: K:/kyber90sfpga/kyber90sfpga/quartus-butterfly/alpha/fulladder2f.v Line: 7
Info (286030): Timing-Driven Synthesis is running
Info (16010): Generating hard_block partition "hard_block:auto_generated_inst"
    Info (16011): Adding 0 node(s), including 0 DDIO, 0 PLL, 0 transceiver and 0 LCELL
Info (21057): Implemented 164 device resources after synthesis - the final resource count might be different
    Info (21058): Implemented 24 input pins
    Info (21059): Implemented 12 output pins
    Info (21061): Implemented 128 logic cells
Info: Quartus Prime Analysis & Synthesis was successful. 0 errors, 3 warnings
    Info: Peak virtual memory: 4818 megabytes
    Info: Processing ended: Wed Sep 29 13:21:50 2021
    Info: Elapsed time: 00:00:14
    Info: Total CPU time (on all processors): 00:00:26


